<?xml version="1.0" encoding="UTF-8"?>
<testsuite name="ru.stqa.mfp.sandbox.SquareTest" tests="1" skipped="0" failures="0" errors="0" timestamp="2023-09-22T15:18:12" hostname="LAPTOP-843QP6DH" time="0.002">
  <properties/>
  <testcase name="testArea" classname="ru.stqa.mfp.sandbox.SquareTest" time="0.002"/>
  <system-out><![CDATA[]]></system-out>
  <system-err><![CDATA[]]></system-err>
</testsuite>
