<?xml version="1.0" encoding="UTF-8"?>
<testsuite name="ru.stqa.mfp.sandbox.EquationTest" tests="6" skipped="0" failures="0" errors="0" timestamp="2023-09-22T15:18:12" hostname="LAPTOP-843QP6DH" time="0.017">
  <properties/>
  <testcase name="tests0" classname="ru.stqa.mfp.sandbox.EquationTest" time="0.011"/>
  <testcase name="tests1" classname="ru.stqa.mfp.sandbox.EquationTest" time="0.0"/>
  <testcase name="tests2" classname="ru.stqa.mfp.sandbox.EquationTest" time="0.0"/>
  <testcase name="testsConstant" classname="ru.stqa.mfp.sandbox.EquationTest" time="0.0"/>
  <testcase name="testsLinear" classname="ru.stqa.mfp.sandbox.EquationTest" time="0.0"/>
  <testcase name="testsZero" classname="ru.stqa.mfp.sandbox.EquationTest" time="0.001"/>
  <system-out><![CDATA[]]></system-out>
  <system-err><![CDATA[]]></system-err>
</testsuite>
