<?xml version="1.0" encoding="UTF-8"?>
<testsuite name="ru.stqa.mfp.addressbook.tests.GroupCreationTests" tests="3" skipped="0" failures="0" errors="0" timestamp="2023-09-11T20:46:44" hostname="LAPTOP-843QP6DH" time="8.494">
  <properties/>
  <testcase name="testGroupCreation[0](GroupData{id='2147483647', name='test 0'})" classname="ru.stqa.mfp.addressbook.tests.GroupCreationTests" time="4.105"/>
  <testcase name="testGroupCreation[1](GroupData{id='2147483647', name='test 1'})" classname="ru.stqa.mfp.addressbook.tests.GroupCreationTests" time="2.157"/>
  <testcase name="testGroupCreation[2](GroupData{id='2147483647', name='test 2'})" classname="ru.stqa.mfp.addressbook.tests.GroupCreationTests" time="2.231"/>
  <system-out><![CDATA[]]></system-out>
  <system-err><![CDATA[]]></system-err>
</testsuite>
