<?xml version="1.0" encoding="UTF-8"?>
<testsuite name="ru.stqa.mfp.addressbook.tests.GroupModificationTests" tests="1" skipped="0" failures="0" errors="0" timestamp="2023-09-11T20:46:53" hostname="LAPTOP-843QP6DH" time="2.487">
  <properties/>
  <testcase name="testGroupModification" classname="ru.stqa.mfp.addressbook.tests.GroupModificationTests" time="2.487"/>
  <system-out><![CDATA[]]></system-out>
  <system-err><![CDATA[]]></system-err>
</testsuite>
